{
  "stats": {
    "suites": 20,
    "tests": 32,
    "passes": 32,
    "pending": 0,
    "failures": 0,
    "start": "2022-12-19T14:03:14.387Z",
    "end": "2022-12-19T14:04:30.376Z",
    "duration": 45214,
    "testsRegistered": 32,
    "passPercent": 100,
    "pendingPercent": 0,
    "other": 0,
    "hasOther": false,
    "skipped": 0,
    "hasSkipped": false
  },
  "results": [
    {
      "uuid": "76088197-ba72-4db3-9f3e-5c9c64e8eefc",
      "title": "",
      "fullFile": "cypress\\integration\\automation-test-store\\alias-invoke.js",
      "file": "cypress\\integration\\automation-test-store\\alias-invoke.js",
      "beforeHooks": [],
      "afterHooks": [],
      "tests": [],
      "suites": [
        {
          "uuid": "64551066-528d-490f-829b-e17ae1bdc96f",
          "title": "Alias and invoke",
          "fullFile": "",
          "file": "",
          "beforeHooks": [],
          "afterHooks": [],
          "tests": [
            {
              "title": "Calculate total of normal and sale product",
              "fullTitle": "Alias and invoke Calculate total of normal and sale product",
              "timedOut": null,
              "duration": 1547,
              "state": "passed",
              "speed": "fast",
              "pass": true,
              "fail": false,
              "pending": false,
              "context": null,
              "code": "cy.visit(\"https://automationteststore.com/\");\ncy.get('.thumbnail').as('productThumbnail');\ncy.get('@productThumbnail').find('.oneprice').each(($el, index, $list) => {\n  cy.log($el.text());\n});\ncy.get('.thumbnail').find('.oneprice').invoke('text').as('itemPrice');\ncy.get('.thumbnail').find('.pricenew').invoke('text').as('saleItemPrice');\nvar itemsTotal = 0;\ncy.get('@itemPrice').then($linkText => {\n  var itemsPriceTotal = 0;\n  var itemPrice = $linkText.split('$');\n  var i;\n  for (let i = 0; i < itemPrice.length; i++) {\n    cy.log(itemPrice[i]);\n    itemsPriceTotal += Number(itemPrice[i]);\n  }\n  itemsTotal += itemsPriceTotal;\n  cy.log(\"Non sale price items total: \" + itemsPriceTotal);\n});\ncy.get('@saleItemPrice').then($linkText => {\n  var saleitemsPriceTotal = 0;\n  var saleItemPrice = $linkText.split('$');\n  var i;\n  for (let i = 0; i < saleItemPrice.length; i++) {\n    cy.log(saleItemPrice[i]);\n    saleitemsPriceTotal += Number(saleItemPrice[i]);\n  }\n  itemsTotal += saleitemsPriceTotal;\n  cy.log(\"Sale price items total: \" + saleitemsPriceTotal);\n}).then(() => {\n  cy.log(\"The total price of all products: \" + itemsTotal);\n  expect(itemsTotal).to.eq(625.6);\n});",
              "err": {},
              "uuid": "6361eca7-b83c-413d-99b1-c8381c7860ec",
              "parentUUID": "64551066-528d-490f-829b-e17ae1bdc96f",
              "isHook": false,
              "skipped": false
            }
          ],
          "suites": [],
          "passes": [
            "6361eca7-b83c-413d-99b1-c8381c7860ec"
          ],
          "failures": [],
          "pending": [],
          "skipped": [],
          "duration": 1547,
          "root": false,
          "rootEmpty": false,
          "_timeout": 2000
        }
      ],
      "passes": [],
      "failures": [],
      "pending": [],
      "skipped": [],
      "duration": 0,
      "root": true,
      "rootEmpty": true,
      "_timeout": 2000
    },
    {
      "uuid": "f9e63e3a-ca60-4747-9186-d3df7fbf8203",
      "title": "",
      "fullFile": "cypress\\integration\\automation-test-store\\contact-us.js",
      "file": "cypress\\integration\\automation-test-store\\contact-us.js",
      "beforeHooks": [],
      "afterHooks": [],
      "tests": [],
      "suites": [
        {
          "uuid": "4f871e9b-61d5-4bad-8530-77bbe21597b7",
          "title": "Test Contact Us form via Automation Test Store",
          "fullFile": "",
          "file": "",
          "beforeHooks": [],
          "afterHooks": [],
          "tests": [
            {
              "title": "Should be able to submit a successful submission via contact us form",
              "fullTitle": "Test Contact Us form via Automation Test Store Should be able to submit a successful submission via contact us form",
              "timedOut": null,
              "duration": 3630,
              "state": "passed",
              "speed": "fast",
              "pass": true,
              "fail": false,
              "pending": false,
              "context": null,
              "code": "cy.visit(\"https://automationteststore.com/\");\ncy.get(\"a[href$='contact']\").click().then(function (linkText) {\n  cy.log(\"Clicked on link using text: \" + linkText.text());\n}); //cy.xpath(\"//a[contains(@href,'contact')]\").click()\ncy.get('@user').then(user => {\n  cy.get('#ContactUsFrm_first_name').type(user.first_name);\n  cy.get('#ContactUsFrm_email').type(user.email);\n});\ncy.get('#ContactUsFrm_email').should('have.attr', 'name', 'email');\ncy.get('#ContactUsFrm_enquiry').type(\"Do you provide additional discount?\");\ncy.get('button[title=\"Submit\"]').click();\ncy.get('.mb40 > :nth-child(3)').should('have.text', 'Your enquiry has been successfully sent to the store owner!');",
              "err": {},
              "uuid": "240adf7b-14bf-4049-bc01-8a084c0eb40b",
              "parentUUID": "4f871e9b-61d5-4bad-8530-77bbe21597b7",
              "isHook": false,
              "skipped": false
            }
          ],
          "suites": [],
          "passes": [
            "240adf7b-14bf-4049-bc01-8a084c0eb40b"
          ],
          "failures": [],
          "pending": [],
          "skipped": [],
          "duration": 3630,
          "root": false,
          "rootEmpty": false,
          "_timeout": 2000
        }
      ],
      "passes": [],
      "failures": [],
      "pending": [],
      "skipped": [],
      "duration": 0,
      "root": true,
      "rootEmpty": true,
      "_timeout": 2000
    },
    {
      "uuid": "2750dca2-1375-44d4-bc53-0eb674a0ebbb",
      "title": "",
      "fullFile": "cypress\\integration\\automation-test-store\\inspect-item.js",
      "file": "cypress\\integration\\automation-test-store\\inspect-item.js",
      "beforeHooks": [],
      "afterHooks": [],
      "tests": [],
      "suites": [
        {
          "uuid": "35e3f041-7302-4ed7-a515-f8fb1a85a41f",
          "title": "Inspect Automation Test Store items using chain of commands",
          "fullFile": "",
          "file": "",
          "beforeHooks": [],
          "afterHooks": [],
          "tests": [
            {
              "title": "Click on the first item using item header",
              "fullTitle": "Inspect Automation Test Store items using chain of commands Click on the first item using item header",
              "timedOut": null,
              "duration": 1726,
              "state": "passed",
              "speed": "fast",
              "pass": true,
              "fail": false,
              "pending": false,
              "context": null,
              "code": "cy.visit(\"https://automationteststore.com/\");\ncy.get('#block_frame_featured_1769 > .thumbnails > :nth-child(1) > .fixed_wrapper > .fixed > .prdocutname').click();",
              "err": {},
              "uuid": "a941607a-ce36-4247-b4c9-36025bb8ea7a",
              "parentUUID": "35e3f041-7302-4ed7-a515-f8fb1a85a41f",
              "isHook": false,
              "skipped": false
            },
            {
              "title": "Click on the first item using item text",
              "fullTitle": "Inspect Automation Test Store items using chain of commands Click on the first item using item text",
              "timedOut": null,
              "duration": 733,
              "state": "passed",
              "speed": "fast",
              "pass": true,
              "fail": false,
              "pending": false,
              "context": null,
              "code": "cy.visit(\"https://automationteststore.com/\");\ncy.get('.prdocutname').contains('Skinsheen Bronzer Stick').click().then(function (itemHeaderText) {\n  console.log(\"Selected the following item: \" + itemHeaderText.text());\n});",
              "err": {},
              "uuid": "44b6560f-61a2-4b77-b070-59f7c2cac23e",
              "parentUUID": "35e3f041-7302-4ed7-a515-f8fb1a85a41f",
              "isHook": false,
              "skipped": false
            },
            {
              "title": "Click on the first item using index",
              "fullTitle": "Inspect Automation Test Store items using chain of commands Click on the first item using index",
              "timedOut": null,
              "duration": 1098,
              "state": "passed",
              "speed": "fast",
              "pass": true,
              "fail": false,
              "pending": false,
              "context": null,
              "code": "cy.visit(\"https://automationteststore.com/\");\ncy.get('.fixed_wrapper').find(\".prdocutname \").eq(0).click();",
              "err": {},
              "uuid": "eef6f8c9-b51d-4fd8-aee6-3dccef377bc0",
              "parentUUID": "35e3f041-7302-4ed7-a515-f8fb1a85a41f",
              "isHook": false,
              "skipped": false
            }
          ],
          "suites": [],
          "passes": [
            "a941607a-ce36-4247-b4c9-36025bb8ea7a",
            "44b6560f-61a2-4b77-b070-59f7c2cac23e",
            "eef6f8c9-b51d-4fd8-aee6-3dccef377bc0"
          ],
          "failures": [],
          "pending": [],
          "skipped": [],
          "duration": 3557,
          "root": false,
          "rootEmpty": false,
          "_timeout": 2000
        }
      ],
      "passes": [],
      "failures": [],
      "pending": [],
      "skipped": [],
      "duration": 0,
      "root": true,
      "rootEmpty": true,
      "_timeout": 2000
    },
    {
      "uuid": "b0e9b339-8b9b-4e71-8c37-92afa7ac41e1",
      "title": "",
      "fullFile": "cypress\\integration\\automation-test-store\\iterate-over-elements.js",
      "file": "cypress\\integration\\automation-test-store\\iterate-over-elements.js",
      "beforeHooks": [],
      "afterHooks": [],
      "tests": [],
      "suites": [
        {
          "uuid": "1852d995-3547-4f3a-b977-b70be71fa74a",
          "title": "Iterate over elements",
          "fullFile": "",
          "file": "",
          "beforeHooks": [],
          "afterHooks": [],
          "tests": [
            {
              "title": "Log informations of all hair care products",
              "fullTitle": "Iterate over elements Log informations of all hair care products",
              "timedOut": null,
              "duration": 1724,
              "state": "passed",
              "speed": "fast",
              "pass": true,
              "fail": false,
              "pending": false,
              "context": null,
              "code": "cy.get('.fixed_wrapper .prdocutname').each(($el, index, $list) => {\n  cy.log(\"Index :\" + index + \" :\" + $el.text());\n});",
              "err": {},
              "uuid": "9fda2ffe-f67b-4639-a5ef-1ceb06da4fda",
              "parentUUID": "1852d995-3547-4f3a-b977-b70be71fa74a",
              "isHook": false,
              "skipped": false
            },
            {
              "title": "Add specific product to basket",
              "fullTitle": "Iterate over elements Add specific product to basket",
              "timedOut": null,
              "duration": 1137,
              "state": "passed",
              "speed": "fast",
              "pass": true,
              "fail": false,
              "pending": false,
              "context": null,
              "code": "// cy.get('.fixed_wrapper .prdocutname').each(($el, index, $list) => {\n//     if($el.text().includes(\"Curls to straight Shampoo\")) {\n//         cy.wrap($el).click()\n//     }\n// })\ncy.selectProduct(\"Curls to straight Shampoo\");",
              "err": {},
              "uuid": "f9af108c-88aa-4507-a4d6-8f76bc6bd411",
              "parentUUID": "1852d995-3547-4f3a-b977-b70be71fa74a",
              "isHook": false,
              "skipped": false
            },
            {
              "title": "Add another specific product to basket",
              "fullTitle": "Iterate over elements Add another specific product to basket",
              "timedOut": null,
              "duration": 1048,
              "state": "passed",
              "speed": "fast",
              "pass": true,
              "fail": false,
              "pending": false,
              "context": null,
              "code": "cy.selectProduct(\"Seaweed Conditioner\");",
              "err": {},
              "uuid": "19daddb2-5411-4132-bb97-8313c0e7c9b0",
              "parentUUID": "1852d995-3547-4f3a-b977-b70be71fa74a",
              "isHook": false,
              "skipped": false
            },
            {
              "title": "Add another specific product to basket challenge",
              "fullTitle": "Iterate over elements Add another specific product to basket challenge",
              "timedOut": null,
              "duration": 1787,
              "state": "passed",
              "speed": "fast",
              "pass": true,
              "fail": false,
              "pending": false,
              "context": null,
              "code": "cy.selectProduct(\"The Vert Shampoo\");",
              "err": {},
              "uuid": "3e687919-04e0-4b2f-bf0e-5e6fdb9a55dc",
              "parentUUID": "1852d995-3547-4f3a-b977-b70be71fa74a",
              "isHook": false,
              "skipped": false
            }
          ],
          "suites": [],
          "passes": [
            "9fda2ffe-f67b-4639-a5ef-1ceb06da4fda",
            "f9af108c-88aa-4507-a4d6-8f76bc6bd411",
            "19daddb2-5411-4132-bb97-8313c0e7c9b0",
            "3e687919-04e0-4b2f-bf0e-5e6fdb9a55dc"
          ],
          "failures": [],
          "pending": [],
          "skipped": [],
          "duration": 5696,
          "root": false,
          "rootEmpty": false,
          "_timeout": 2000
        }
      ],
      "passes": [],
      "failures": [],
      "pending": [],
      "skipped": [],
      "duration": 0,
      "root": true,
      "rootEmpty": true,
      "_timeout": 2000
    },
    {
      "uuid": "99ae8054-824b-42ea-9162-3f5cec50de25",
      "title": "",
      "fullFile": "cypress\\integration\\automation-test-store\\variables-and-cy-commands.js",
      "file": "cypress\\integration\\automation-test-store\\variables-and-cy-commands.js",
      "beforeHooks": [],
      "afterHooks": [],
      "tests": [],
      "suites": [
        {
          "uuid": "50c13e17-35ee-419e-a565-19f3cacb9cd3",
          "title": "Verifying variables, cypress commands and jquery commands",
          "fullFile": "",
          "file": "",
          "beforeHooks": [],
          "afterHooks": [],
          "tests": [
            {
              "title": "Validate properites of the Contact Us Page",
              "fullTitle": "Verifying variables, cypress commands and jquery commands Validate properites of the Contact Us Page",
              "timedOut": null,
              "duration": 1208,
              "state": "passed",
              "speed": "fast",
              "pass": true,
              "fail": false,
              "pending": false,
              "context": null,
              "code": "cy.visit(\"https://automationteststore.com/index.php?rt=content/contact\"); //Uses cypress commands and chaining\ncy.contains(\"#ContactUsFrm\", 'Contact Us Form').find('#field_11').should('contain', 'First name'); //JQuery Approach\ncy.contains(\"#ContactUsFrm\", 'Contact Us Form').then(text => {\n  const firstNameText = text.find('#field_11').text();\n  expect(firstNameText).to.contain('First name'); //Embedded commands (Closures)\n  cy.get('#field_11').then(fnText => {\n    cy.log(fnText.text());\n    cy.log(fnText);\n  });\n});",
              "err": {},
              "uuid": "008abf95-adcc-4d12-a87c-d4ba2bd4191d",
              "parentUUID": "50c13e17-35ee-419e-a565-19f3cacb9cd3",
              "isHook": false,
              "skipped": false
            }
          ],
          "suites": [],
          "passes": [
            "008abf95-adcc-4d12-a87c-d4ba2bd4191d"
          ],
          "failures": [],
          "pending": [],
          "skipped": [],
          "duration": 1208,
          "root": false,
          "rootEmpty": false,
          "_timeout": 2000
        }
      ],
      "passes": [],
      "failures": [],
      "pending": [],
      "skipped": [],
      "duration": 0,
      "root": true,
      "rootEmpty": true,
      "_timeout": 2000
    },
    {
      "uuid": "a29db072-f81c-4ef4-b291-b808c7a4c3af",
      "title": "",
      "fullFile": "cypress\\integration\\webdriver-uni\\autocomplete-dropdown-list.js",
      "file": "cypress\\integration\\webdriver-uni\\autocomplete-dropdown-list.js",
      "beforeHooks": [],
      "afterHooks": [],
      "tests": [],
      "suites": [
        {
          "uuid": "e35fa5d8-3be9-4910-982b-4c4a901e3905",
          "title": "Interact with dropdown lists via webdriveruni",
          "fullFile": "",
          "file": "",
          "beforeHooks": [],
          "afterHooks": [],
          "tests": [
            {
              "title": "Select specific values via autocomplete lists",
              "fullTitle": "Interact with dropdown lists via webdriveruni Select specific values via autocomplete lists",
              "timedOut": null,
              "duration": 2983,
              "state": "passed",
              "speed": "fast",
              "pass": true,
              "fail": false,
              "pending": false,
              "context": null,
              "code": "cy.visit(\"https://webdriveruniversity.com/\");\ncy.get('#autocomplete-textfield').invoke('removeAttr', 'target').click({\n  force: true\n});\ncy.get('#myInput').type('A');\ncy.get('#myInputautocomplete-list > *').each(($el, index, $list) => {\n  const prod = $el.text();\n  cy.log(prod);\n  const productToSelect = 'Avacado';\n  if (prod === productToSelect) {\n    $el.trigger('click');\n    cy.get('#submit-button').click();\n    cy.url().should('include', productToSelect);\n  }\n}).then(() => {\n  cy.get('#myInput').clear().type('G');\n  cy.get('#myInputautocomplete-list > *').each(($el, index, $list) => {\n    const prod = $el.text();\n    cy.log(prod);\n    const productToSelect = 'Grapes';\n    if (prod === productToSelect) {\n      $el.trigger('click');\n      cy.get('#submit-button').click();\n      cy.url().should('include', productToSelect);\n    }\n  });\n});",
              "err": {},
              "uuid": "d5063308-51a4-4d9a-a384-1ba0c4566445",
              "parentUUID": "e35fa5d8-3be9-4910-982b-4c4a901e3905",
              "isHook": false,
              "skipped": false
            }
          ],
          "suites": [],
          "passes": [
            "d5063308-51a4-4d9a-a384-1ba0c4566445"
          ],
          "failures": [],
          "pending": [],
          "skipped": [],
          "duration": 2983,
          "root": false,
          "rootEmpty": false,
          "_timeout": 2000
        }
      ],
      "passes": [],
      "failures": [],
      "pending": [],
      "skipped": [],
      "duration": 0,
      "root": true,
      "rootEmpty": true,
      "_timeout": 2000
    },
    {
      "uuid": "09ebd45f-8ccf-4c35-99e6-b1ff5350fa13",
      "title": "",
      "fullFile": "cypress\\integration\\webdriver-uni\\browser-navigation.js",
      "file": "cypress\\integration\\webdriver-uni\\browser-navigation.js",
      "beforeHooks": [],
      "afterHooks": [],
      "tests": [],
      "suites": [
        {
          "uuid": "5ee6e876-79e8-4a16-904a-aa58fb67e8c4",
          "title": "Validate webdriveruni homepage links",
          "fullFile": "",
          "file": "",
          "beforeHooks": [],
          "afterHooks": [],
          "tests": [
            {
              "title": "Confirm links redirect to the correct pages",
              "fullTitle": "Validate webdriveruni homepage links Confirm links redirect to the correct pages",
              "timedOut": null,
              "duration": 2800,
              "state": "passed",
              "speed": "fast",
              "pass": true,
              "fail": false,
              "pending": false,
              "context": null,
              "code": "//cy.visit(\"https://webdriveruniversity.com/Contact-Us/contactus.html\")\ncy.visit(\"https://webdriveruniversity.com/\");\ncy.get('#contact-us').invoke('removeAttr', 'target').click({\n  force: true\n});\ncy.url().should('include', 'contactus');\ncy.go('back');\ncy.reload(); //cy.reload(true) //reload without using cache\ncy.go('forward');\ncy.url().should('include', 'contactus');\ncy.go('back');\ncy.get('#login-portal').invoke('removeAttr', 'target').click({\n  force: true\n});\ncy.url().should('include', 'Login-Portal');\ncy.go('back');",
              "err": {},
              "uuid": "1a27ef7d-cca8-489d-984e-5ea69c647a06",
              "parentUUID": "5ee6e876-79e8-4a16-904a-aa58fb67e8c4",
              "isHook": false,
              "skipped": false
            },
            {
              "title": "Confirm links redirect to To-Do-List page",
              "fullTitle": "Validate webdriveruni homepage links Confirm links redirect to To-Do-List page",
              "timedOut": null,
              "duration": 1343,
              "state": "passed",
              "speed": "fast",
              "pass": true,
              "fail": false,
              "pending": false,
              "context": null,
              "code": "//cy.visit(\"https://webdriveruniversity.com/Contact-Us/contactus.html\")\ncy.visit(\"https://webdriveruniversity.com/\");\ncy.get('#to-do-list').invoke('removeAttr', 'target').click({\n  force: true\n});\ncy.url().should('include', 'To-Do-List');\ncy.go('back');",
              "err": {},
              "uuid": "f3dc6120-4780-4f72-a882-ad432743006d",
              "parentUUID": "5ee6e876-79e8-4a16-904a-aa58fb67e8c4",
              "isHook": false,
              "skipped": false
            }
          ],
          "suites": [],
          "passes": [
            "1a27ef7d-cca8-489d-984e-5ea69c647a06",
            "f3dc6120-4780-4f72-a882-ad432743006d"
          ],
          "failures": [],
          "pending": [],
          "skipped": [],
          "duration": 4143,
          "root": false,
          "rootEmpty": false,
          "_timeout": 2000
        }
      ],
      "passes": [],
      "failures": [],
      "pending": [],
      "skipped": [],
      "duration": 0,
      "root": true,
      "rootEmpty": true,
      "_timeout": 2000
    },
    {
      "uuid": "99175404-1d73-4c49-aef8-171492e46664",
      "title": "",
      "fullFile": "cypress\\integration\\webdriver-uni\\checkboxes.js",
      "file": "cypress\\integration\\webdriver-uni\\checkboxes.js",
      "beforeHooks": [],
      "afterHooks": [],
      "tests": [],
      "suites": [
        {
          "uuid": "804e4e49-8278-4c47-b288-d5e50dec34a8",
          "title": "Verify checkboxes via webdriveruni",
          "fullFile": "",
          "file": "",
          "beforeHooks": [],
          "afterHooks": [],
          "tests": [
            {
              "title": "Checkbox and validate ",
              "fullTitle": "Verify checkboxes via webdriveruni Checkbox and validate ",
              "timedOut": null,
              "duration": 690,
              "state": "passed",
              "speed": "fast",
              "pass": true,
              "fail": false,
              "pending": false,
              "context": null,
              "code": "cy.get('#checkboxes > :nth-child(1) > input').as('option-1');\ncy.get('@option-1').check();\ncy.get('@option-1').check().should('be.checked');",
              "err": {},
              "uuid": "13b0bb9c-b320-41ba-ad97-f1077cbd3f91",
              "parentUUID": "804e4e49-8278-4c47-b288-d5e50dec34a8",
              "isHook": false,
              "skipped": false
            },
            {
              "title": "Verify unchecked checkbox and validate ",
              "fullTitle": "Verify checkboxes via webdriveruni Verify unchecked checkbox and validate ",
              "timedOut": null,
              "duration": 145,
              "state": "passed",
              "speed": "fast",
              "pass": true,
              "fail": false,
              "pending": false,
              "context": null,
              "code": "cy.get('#checkboxes > :nth-child(3) > input').as('option-3');\ncy.get('@option-3').uncheck().should('not.be.checked');",
              "err": {},
              "uuid": "b6954c07-abc6-49db-9eeb-344eeb5c874b",
              "parentUUID": "804e4e49-8278-4c47-b288-d5e50dec34a8",
              "isHook": false,
              "skipped": false
            },
            {
              "title": "Verify multiple checkboxes",
              "fullTitle": "Verify checkboxes via webdriveruni Verify multiple checkboxes",
              "timedOut": null,
              "duration": 413,
              "state": "passed",
              "speed": "fast",
              "pass": true,
              "fail": false,
              "pending": false,
              "context": null,
              "code": "cy.get(\"input[type='checkbox']\").check([\"option-1\", \"option-2\", \"option-3\", \"option-4\"]).should('be.checked');",
              "err": {},
              "uuid": "520e601c-4966-4459-b43e-0748c80fec34",
              "parentUUID": "804e4e49-8278-4c47-b288-d5e50dec34a8",
              "isHook": false,
              "skipped": false
            }
          ],
          "suites": [],
          "passes": [
            "13b0bb9c-b320-41ba-ad97-f1077cbd3f91",
            "b6954c07-abc6-49db-9eeb-344eeb5c874b",
            "520e601c-4966-4459-b43e-0748c80fec34"
          ],
          "failures": [],
          "pending": [],
          "skipped": [],
          "duration": 1248,
          "root": false,
          "rootEmpty": false,
          "_timeout": 2000
        }
      ],
      "passes": [],
      "failures": [],
      "pending": [],
      "skipped": [],
      "duration": 0,
      "root": true,
      "rootEmpty": true,
      "_timeout": 2000
    },
    {
      "uuid": "d2c9d902-d6cc-41dd-951a-ce3f5e6e9be2",
      "title": "",
      "fullFile": "cypress\\integration\\webdriver-uni\\contact-us.js",
      "file": "cypress\\integration\\webdriver-uni\\contact-us.js",
      "beforeHooks": [],
      "afterHooks": [],
      "tests": [],
      "suites": [
        {
          "uuid": "e3eed8e3-3cf0-49f4-9830-799651247040",
          "title": "Test Contact Us form via WebdriverUni",
          "fullFile": "",
          "file": "",
          "beforeHooks": [],
          "afterHooks": [],
          "tests": [
            {
              "title": "Should be able to submit a successful submission via contact us form",
              "fullTitle": "Test Contact Us form via WebdriverUni Should be able to submit a successful submission via contact us form",
              "timedOut": null,
              "duration": 3350,
              "state": "passed",
              "speed": "fast",
              "pass": true,
              "fail": false,
              "pending": false,
              "context": null,
              "code": "cy.document().should('have.property', 'charset').and('eq', 'UTF-8');\ncy.title().should('include', 'WebDriver | Contact Us');\ncy.url().should('include', \"contactus.html\");\ncontactUsPage.contactFormSubmission(\"first_name\", data.last_name, data.email, \"Comment in Contact us form\", 'h1', 'Thank You for your Message!');",
              "err": {},
              "uuid": "ea9fd7bf-7139-4801-a276-02d1936238d7",
              "parentUUID": "e3eed8e3-3cf0-49f4-9830-799651247040",
              "isHook": false,
              "skipped": false
            },
            {
              "title": "Should not be able to submit a successful submission via contact us form as all fields are required",
              "fullTitle": "Test Contact Us form via WebdriverUni Should not be able to submit a successful submission via contact us form as all fields are required",
              "timedOut": null,
              "duration": 1895,
              "state": "passed",
              "speed": "fast",
              "pass": true,
              "fail": false,
              "pending": false,
              "context": null,
              "code": "contactUsPage.contactFormSubmission(data.first_name, data.last_name, \" \", \"Comment in Contact us form\", 'body', 'Error: Invalid email address');",
              "err": {},
              "uuid": "59242d50-6cf7-4184-a947-d8519c000e3b",
              "parentUUID": "e3eed8e3-3cf0-49f4-9830-799651247040",
              "isHook": false,
              "skipped": false
            }
          ],
          "suites": [],
          "passes": [
            "ea9fd7bf-7139-4801-a276-02d1936238d7",
            "59242d50-6cf7-4184-a947-d8519c000e3b"
          ],
          "failures": [],
          "pending": [],
          "skipped": [],
          "duration": 5245,
          "root": false,
          "rootEmpty": false,
          "_timeout": 2000
        }
      ],
      "passes": [],
      "failures": [],
      "pending": [],
      "skipped": [],
      "duration": 0,
      "root": true,
      "rootEmpty": true,
      "_timeout": 2000
    },
    {
      "uuid": "f357faad-2e4d-4b62-85e0-84d5ad676939",
      "title": "",
      "fullFile": "cypress\\integration\\webdriver-uni\\data-tables.js",
      "file": "cypress\\integration\\webdriver-uni\\data-tables.js",
      "beforeHooks": [],
      "afterHooks": [],
      "tests": [],
      "suites": [
        {
          "uuid": "c735026a-2f82-4e5f-8fe3-2d236a1a8359",
          "title": "Handling data via webdriveruni",
          "fullFile": "",
          "file": "",
          "beforeHooks": [],
          "afterHooks": [],
          "tests": [
            {
              "title": "Calculate and assert the age of a given user based on last name",
              "fullTitle": "Handling data via webdriveruni Calculate and assert the age of a given user based on last name",
              "timedOut": null,
              "duration": 1192,
              "state": "passed",
              "speed": "fast",
              "pass": true,
              "fail": false,
              "pending": false,
              "context": null,
              "code": "cy.get('#thumbnail-1 tr td:nth-child(2)').each(($el, index, $list) => {\n  const text = $el.text();\n  if (text.includes('Woods')) {\n    cy.get('#thumbnail-1 tr td:nth-child(2)').eq(index).next().then(age => {\n      const userAge = age.text();\n      expect(userAge).to.equal(\"80\");\n    });\n  }\n});",
              "err": {},
              "uuid": "4dba894f-e37d-45fb-a18b-22aa6cede96d",
              "parentUUID": "c735026a-2f82-4e5f-8fe3-2d236a1a8359",
              "isHook": false,
              "skipped": false
            }
          ],
          "suites": [],
          "passes": [
            "4dba894f-e37d-45fb-a18b-22aa6cede96d"
          ],
          "failures": [],
          "pending": [],
          "skipped": [],
          "duration": 1192,
          "root": false,
          "rootEmpty": false,
          "_timeout": 2000
        }
      ],
      "passes": [],
      "failures": [],
      "pending": [],
      "skipped": [],
      "duration": 0,
      "root": true,
      "rootEmpty": true,
      "_timeout": 2000
    },
    {
      "uuid": "feb1aa49-4825-4dd0-a962-62cf67bfd5ab",
      "title": "",
      "fullFile": "cypress\\integration\\webdriver-uni\\datepicker.js",
      "file": "cypress\\integration\\webdriver-uni\\datepicker.js",
      "beforeHooks": [],
      "afterHooks": [],
      "tests": [],
      "suites": [
        {
          "uuid": "b021c655-0d6a-4736-8573-5578572e88dd",
          "title": "Test Datepicker via webdriveruni",
          "fullFile": "",
          "file": "",
          "beforeHooks": [],
          "afterHooks": [],
          "tests": [
            {
              "title": "Select date from the datepicker",
              "fullTitle": "Test Datepicker via webdriveruni Select date from the datepicker",
              "timedOut": null,
              "duration": 2017,
              "state": "passed",
              "speed": "fast",
              "pass": true,
              "fail": false,
              "pending": false,
              "context": null,
              "code": "cy.visit(\"/\");\ncy.get('#datepicker').invoke('removeAttr', 'target').click({\n  force: true\n}); // let date = new Date();\n// date.setDate(date.getDate())\n// cy.log(date.getDate()) //get current day i.e. 22\n// let date2 = new Date();\n// date2.setDate(date.getDate() + 5)\n// cy.log(date2.getDate()) //get current day i.e. 22 + 5 = 27\nvar date = new Date();\ndate.setDate(date.getDate() + 86);\ncy.log(date.getDate());\nvar futureYear = date.getFullYear();\nvar futureMonth = date.toLocaleString(\"en-US\", {\n  month: \"long\"\n});\nvar futureDay = date.getDate();\ncy.log(\"Future year to select: \" + futureYear);\ncy.log(\"Future month to select: \" + futureMonth);\ncy.log(\"Future day to select: \" + futureDay);\nfunction selectMonthAndYear() {\n  cy.get('#datepicker').click();\n  cy.get('.datepicker-dropdown').find('.datepicker-switch').first().then(currDate => {\n    if (!currDate.text().includes(futureYear)) {\n      cy.get('.next').first().click();\n      selectMonthAndYear();\n    }\n  }).then(() => {\n    cy.get('.datepicker-dropdown').find('.datepicker-switch').first().then(currDate => {\n      if (!currDate.text().includes(futureMonth)) {\n        cy.get('.next').first().click();\n        selectMonthAndYear();\n      }\n    });\n  });\n}\n;\nfunction selectFutureDays() {\n  cy.get(\"[class='day']\").contains(futureDay).click();\n}\nselectMonthAndYear();\nselectFutureDays();",
              "err": {},
              "uuid": "2d516b60-5ebc-408e-b813-42e94eeebe68",
              "parentUUID": "b021c655-0d6a-4736-8573-5578572e88dd",
              "isHook": false,
              "skipped": false
            }
          ],
          "suites": [],
          "passes": [
            "2d516b60-5ebc-408e-b813-42e94eeebe68"
          ],
          "failures": [],
          "pending": [],
          "skipped": [],
          "duration": 2017,
          "root": false,
          "rootEmpty": false,
          "_timeout": 2000
        }
      ],
      "passes": [],
      "failures": [],
      "pending": [],
      "skipped": [],
      "duration": 0,
      "root": true,
      "rootEmpty": true,
      "_timeout": 2000
    },
    {
      "uuid": "3c881963-ea35-4e77-ba8e-501eedf34f47",
      "title": "",
      "fullFile": "cypress\\integration\\webdriver-uni\\file-upload.js",
      "file": "cypress\\integration\\webdriver-uni\\file-upload.js",
      "beforeHooks": [],
      "afterHooks": [],
      "tests": [],
      "suites": [
        {
          "uuid": "6e39aa80-e735-4870-8e2a-3f231bb86aee",
          "title": "Test File Upload via webdriveruni",
          "fullFile": "",
          "file": "",
          "beforeHooks": [],
          "afterHooks": [],
          "tests": [
            {
              "title": "Upload a file....",
              "fullTitle": "Test File Upload via webdriveruni Upload a file....",
              "timedOut": null,
              "duration": 966,
              "state": "passed",
              "speed": "fast",
              "pass": true,
              "fail": false,
              "pending": false,
              "context": null,
              "code": "cy.visit(\"http://www.webdriveruniversity.com\");\ncy.get('#file-upload').invoke('removeAttr', 'target').click({\n  force: true\n});\ncy.get('#myFile').selectFile('cypress/fixtures/laptop.png');\ncy.get('#submit-button').click();",
              "err": {},
              "uuid": "11fa62b3-bce4-474e-889b-b6e4a22f428c",
              "parentUUID": "6e39aa80-e735-4870-8e2a-3f231bb86aee",
              "isHook": false,
              "skipped": false
            },
            {
              "title": "Upload No file...",
              "fullTitle": "Test File Upload via webdriveruni Upload No file...",
              "timedOut": null,
              "duration": 372,
              "state": "passed",
              "speed": "fast",
              "pass": true,
              "fail": false,
              "pending": false,
              "context": null,
              "code": "cy.visit(\"http://www.webdriveruniversity.com\");\ncy.get('#file-upload').invoke('removeAttr', 'target').click({\n  force: true\n});\ncy.get('#submit-button').click();",
              "err": {},
              "uuid": "94966661-9c18-47c8-81ed-395446de591a",
              "parentUUID": "6e39aa80-e735-4870-8e2a-3f231bb86aee",
              "isHook": false,
              "skipped": false
            }
          ],
          "suites": [],
          "passes": [
            "11fa62b3-bce4-474e-889b-b6e4a22f428c",
            "94966661-9c18-47c8-81ed-395446de591a"
          ],
          "failures": [],
          "pending": [],
          "skipped": [],
          "duration": 1338,
          "root": false,
          "rootEmpty": false,
          "_timeout": 2000
        }
      ],
      "passes": [],
      "failures": [],
      "pending": [],
      "skipped": [],
      "duration": 0,
      "root": true,
      "rootEmpty": true,
      "_timeout": 2000
    },
    {
      "uuid": "9b4e746d-fe31-453e-a900-792ba886dfcb",
      "title": "",
      "fullFile": "cypress\\integration\\webdriver-uni\\iframe.js",
      "file": "cypress\\integration\\webdriver-uni\\iframe.js",
      "beforeHooks": [],
      "afterHooks": [],
      "tests": [],
      "suites": [
        {
          "uuid": "10547060-5610-4228-ad76-ccf0e91c861b",
          "title": "Handling IFrame & Modals",
          "fullFile": "",
          "file": "",
          "beforeHooks": [],
          "afterHooks": [],
          "tests": [
            {
              "title": "Handle webdriveruni iframe and modal",
              "fullTitle": "Handling IFrame & Modals Handle webdriveruni iframe and modal",
              "timedOut": null,
              "duration": 1832,
              "state": "passed",
              "speed": "fast",
              "pass": true,
              "fail": false,
              "pending": false,
              "context": null,
              "code": "cy.visit(\"/\");\ncy.get('#iframe').invoke('removeAttr', 'target').click({\n  force: true\n});\ncy.get('#frame').then($iframe => {\n  const body = $iframe.contents().find('body');\n  cy.wrap(body).as('iframe');\n});\ncy.get('@iframe').find('#button-find-out-more').click();\ncy.get('@iframe').find('#myModal').as('modal');\ncy.get('@modal').should($expText => {\n  const text = $expText.text();\n  expect(text).to.include('Welcome to webdriveruniversity.com we sell a wide range of electrical goods');\n});\ncy.get('@modal').contains('Close').click();",
              "err": {},
              "uuid": "7824603e-7993-4dc6-934f-e696b2123699",
              "parentUUID": "10547060-5610-4228-ad76-ccf0e91c861b",
              "isHook": false,
              "skipped": false
            }
          ],
          "suites": [],
          "passes": [
            "7824603e-7993-4dc6-934f-e696b2123699"
          ],
          "failures": [],
          "pending": [],
          "skipped": [],
          "duration": 1832,
          "root": false,
          "rootEmpty": false,
          "_timeout": 2000
        }
      ],
      "passes": [],
      "failures": [],
      "pending": [],
      "skipped": [],
      "duration": 0,
      "root": true,
      "rootEmpty": true,
      "_timeout": 2000
    },
    {
      "uuid": "7e9c3ea3-e94e-4cce-b530-fe6cd671fb6b",
      "title": "",
      "fullFile": "cypress\\integration\\webdriver-uni\\js-alert.js",
      "file": "cypress\\integration\\webdriver-uni\\js-alert.js",
      "beforeHooks": [],
      "afterHooks": [],
      "tests": [],
      "suites": [
        {
          "uuid": "8df4229f-d224-4949-942a-47e354e48762",
          "title": "Handle js alerts",
          "fullFile": "",
          "file": "",
          "beforeHooks": [],
          "afterHooks": [],
          "tests": [
            {
              "title": "Validate js confirm alert using a stub",
              "fullTitle": "Handle js alerts Validate js confirm alert using a stub",
              "timedOut": null,
              "duration": 820,
              "state": "passed",
              "speed": "fast",
              "pass": true,
              "fail": false,
              "pending": false,
              "context": null,
              "code": "cy.visit(\"https://webdriveruniversity.com/\");\ncy.get('#popup-alerts').invoke('removeAttr', 'target').click({\n  force: true\n});\nconst stub = cy.stub();\ncy.on('window:confirm', stub);\ncy.get('#button4').click().then(() => {\n  expect(stub.getCall(0)).to.be.calledWith('Press a button!');\n}).then(() => {\n  return true;\n}).then(() => {\n  cy.get('#confirm-alert-text').contains('You pressed OK!');\n});",
              "err": {},
              "uuid": "624e6bb4-b823-4e3b-b940-ae9f47934eb1",
              "parentUUID": "8df4229f-d224-4949-942a-47e354e48762",
              "isHook": false,
              "skipped": false
            }
          ],
          "suites": [],
          "passes": [
            "624e6bb4-b823-4e3b-b940-ae9f47934eb1"
          ],
          "failures": [],
          "pending": [],
          "skipped": [],
          "duration": 820,
          "root": false,
          "rootEmpty": false,
          "_timeout": 2000
        }
      ],
      "passes": [],
      "failures": [],
      "pending": [],
      "skipped": [],
      "duration": 0,
      "root": true,
      "rootEmpty": true,
      "_timeout": 2000
    },
    {
      "uuid": "003d3d7e-c714-4dd3-a96a-177ede8c6dcb",
      "title": "",
      "fullFile": "cypress\\integration\\webdriver-uni\\mouse-actions.js",
      "file": "cypress\\integration\\webdriver-uni\\mouse-actions.js",
      "beforeHooks": [],
      "afterHooks": [],
      "tests": [],
      "suites": [
        {
          "uuid": "7a649070-a2d7-4170-aa9b-03d66b6ce5e3",
          "title": "Test mouse actions",
          "fullFile": "",
          "file": "",
          "beforeHooks": [],
          "afterHooks": [],
          "tests": [
            {
              "title": "I should be able hold down the left mouse click button on a given element",
              "fullTitle": "Test mouse actions I should be able hold down the left mouse click button on a given element",
              "timedOut": null,
              "duration": 1082,
              "state": "passed",
              "speed": "fast",
              "pass": true,
              "fail": false,
              "pending": false,
              "context": null,
              "code": "cy.visit(\"https://webdriveruniversity.com/\");\ncy.get('#actions').scrollIntoView().invoke('removeAttr', 'target').click({\n  force: true\n});\ncy.get('#click-box').trigger('mousedown', {\n  which: 1\n}).then($el => {\n  expect($el).to.have.css('background-color', 'rgb(0, 255, 0)');\n});",
              "err": {},
              "uuid": "d445d1b5-3bde-4f93-a318-e0f33f298fa4",
              "parentUUID": "7a649070-a2d7-4170-aa9b-03d66b6ce5e3",
              "isHook": false,
              "skipped": false
            }
          ],
          "suites": [],
          "passes": [
            "d445d1b5-3bde-4f93-a318-e0f33f298fa4"
          ],
          "failures": [],
          "pending": [],
          "skipped": [],
          "duration": 1082,
          "root": false,
          "rootEmpty": false,
          "_timeout": 2000
        }
      ],
      "passes": [],
      "failures": [],
      "pending": [],
      "skipped": [],
      "duration": 0,
      "root": true,
      "rootEmpty": true,
      "_timeout": 2000
    },
    {
      "uuid": "5ff07d3a-0fa3-44ad-a55c-6069af33451a",
      "title": "",
      "fullFile": "cypress\\integration\\webdriver-uni\\radio-buttons.js",
      "file": "cypress\\integration\\webdriver-uni\\radio-buttons.js",
      "beforeHooks": [],
      "afterHooks": [],
      "tests": [],
      "suites": [
        {
          "uuid": "e833a957-b720-4559-b87f-bf14b52b3642",
          "title": "Verify radio buttons via webdriveruni",
          "fullFile": "",
          "file": "",
          "beforeHooks": [],
          "afterHooks": [],
          "tests": [
            {
              "title": "Check specific radio buttons",
              "fullTitle": "Verify radio buttons via webdriveruni Check specific radio buttons",
              "timedOut": null,
              "duration": 1019,
              "state": "passed",
              "speed": "fast",
              "pass": true,
              "fail": false,
              "pending": false,
              "context": null,
              "code": "cy.get('#radio-buttons').find(\"[type='radio']\").first().check();\ncy.get('#radio-buttons').find(\"[type='radio']\").eq(1).check();",
              "err": {},
              "uuid": "81c0b325-b61b-4ac6-9945-a7329dc024e4",
              "parentUUID": "e833a957-b720-4559-b87f-bf14b52b3642",
              "isHook": false,
              "skipped": false
            },
            {
              "title": "Validate the states of specific radio buttons",
              "fullTitle": "Verify radio buttons via webdriveruni Validate the states of specific radio buttons",
              "timedOut": null,
              "duration": 344,
              "state": "passed",
              "speed": "fast",
              "pass": true,
              "fail": false,
              "pending": false,
              "context": null,
              "code": "cy.get(\"[value='lettuce']\").should(\"not.be.checked\");\ncy.get(\"[value='pumpkin']\").should(\"be.checked\");\ncy.get(\"[value='lettuce']\").check().should(\"be.checked\");\ncy.get(\"[value='pumpkin']\").should(\"not.be.checked\");\ncy.get(\"[value='cabbage']\").should(\"be.disabled\");",
              "err": {},
              "uuid": "730ee550-db3d-45f7-a190-27600acb09fa",
              "parentUUID": "e833a957-b720-4559-b87f-bf14b52b3642",
              "isHook": false,
              "skipped": false
            }
          ],
          "suites": [],
          "passes": [
            "81c0b325-b61b-4ac6-9945-a7329dc024e4",
            "730ee550-db3d-45f7-a190-27600acb09fa"
          ],
          "failures": [],
          "pending": [],
          "skipped": [],
          "duration": 1363,
          "root": false,
          "rootEmpty": false,
          "_timeout": 2000
        }
      ],
      "passes": [],
      "failures": [],
      "pending": [],
      "skipped": [],
      "duration": 0,
      "root": true,
      "rootEmpty": true,
      "_timeout": 2000
    },
    {
      "uuid": "e0ddb147-de1f-4249-9183-dff75801fa92",
      "title": "",
      "fullFile": "cypress\\integration\\webdriver-uni\\select-dropdown-list.js",
      "file": "cypress\\integration\\webdriver-uni\\select-dropdown-list.js",
      "beforeHooks": [],
      "afterHooks": [],
      "tests": [],
      "suites": [
        {
          "uuid": "095438b9-72f2-4df3-a524-3adf5a34a68e",
          "title": "Interact with dropdown lists via webdriveruni",
          "fullFile": "",
          "file": "",
          "beforeHooks": [],
          "afterHooks": [],
          "tests": [
            {
              "title": "Select specific values via select dropdown lists",
              "fullTitle": "Interact with dropdown lists via webdriveruni Select specific values via select dropdown lists",
              "timedOut": null,
              "duration": 1309,
              "state": "passed",
              "speed": "fast",
              "pass": true,
              "fail": false,
              "pending": false,
              "context": null,
              "code": "cy.visit(\"https://webdriveruniversity.com/\");\ncy.get('#dropdown-checkboxes-radiobuttons').invoke('removeAttr', 'target').click({\n  force: true\n});\ncy.get('#dropdowm-menu-1').select('c#');\ncy.get('#dropdowm-menu-2').select('testng').should('have.value', 'testng');\ncy.get('#dropdowm-menu-3').select('jquery').contains('JQuery');",
              "err": {},
              "uuid": "a4870852-9745-45ca-b8a6-ea2cea4e1f4f",
              "parentUUID": "095438b9-72f2-4df3-a524-3adf5a34a68e",
              "isHook": false,
              "skipped": false
            },
            {
              "title": "Select specific values via select dropdown lists challenge",
              "fullTitle": "Interact with dropdown lists via webdriveruni Select specific values via select dropdown lists challenge",
              "timedOut": null,
              "duration": 403,
              "state": "passed",
              "speed": "fast",
              "pass": true,
              "fail": false,
              "pending": false,
              "context": null,
              "code": "cy.visit(\"https://webdriveruniversity.com/\");\ncy.get('#dropdown-checkboxes-radiobuttons').invoke('removeAttr', 'target').click({\n  force: true\n});\ncy.get('#dropdowm-menu-2').select('maven').should('have.value', 'maven');",
              "err": {},
              "uuid": "3b93d691-c03a-45d3-8c37-6c29a4f16b07",
              "parentUUID": "095438b9-72f2-4df3-a524-3adf5a34a68e",
              "isHook": false,
              "skipped": false
            }
          ],
          "suites": [],
          "passes": [
            "a4870852-9745-45ca-b8a6-ea2cea4e1f4f",
            "3b93d691-c03a-45d3-8c37-6c29a4f16b07"
          ],
          "failures": [],
          "pending": [],
          "skipped": [],
          "duration": 1712,
          "root": false,
          "rootEmpty": false,
          "_timeout": 2000
        }
      ],
      "passes": [],
      "failures": [],
      "pending": [],
      "skipped": [],
      "duration": 0,
      "root": true,
      "rootEmpty": true,
      "_timeout": 2000
    },
    {
      "uuid": "b89dbd83-a259-4ee7-84d6-80ad190d7d48",
      "title": "",
      "fullFile": "cypress\\integration\\webdriver-uni\\selectors.js",
      "file": "cypress\\integration\\webdriver-uni\\selectors.js",
      "beforeHooks": [],
      "afterHooks": [],
      "tests": [],
      "suites": [
        {
          "uuid": "5b4502f2-aa78-4b32-82ac-813764f95d88",
          "title": "Selector examples",
          "fullFile": "",
          "file": "",
          "beforeHooks": [],
          "afterHooks": [],
          "tests": [
            {
              "title": "Examples of Selectors via WebdriverUni Contact Us Page",
              "fullTitle": "Selector examples Examples of Selectors via WebdriverUni Contact Us Page",
              "timedOut": null,
              "duration": 400,
              "state": "passed",
              "speed": "fast",
              "pass": true,
              "fail": false,
              "pending": false,
              "context": null,
              "code": "cy.visit(\"http://www.webdriveruniversity.com/Contact-Us/contactus.html\"); //By tag name\ncy.get(\"input\"); //By attribute name and value\ncy.get(\"input[name='first_name']\"); //By id\ncy.get(\"#contact_me\"); //By class\ncy.get(\".feedback-input\"); //By multiple classes\ncy.get(\"[class='navbar navbar-inverse navbar-fixed-top']\"); //By two different attributes\ncy.get(\"[name='email'][placeholder='Email Address']\"); //By xpath\ncy.xpath(\"//input[@name='first_name']\");",
              "err": {},
              "uuid": "238ccd3e-d167-4f43-b66f-422b228987d8",
              "parentUUID": "5b4502f2-aa78-4b32-82ac-813764f95d88",
              "isHook": false,
              "skipped": false
            }
          ],
          "suites": [],
          "passes": [
            "238ccd3e-d167-4f43-b66f-422b228987d8"
          ],
          "failures": [],
          "pending": [],
          "skipped": [],
          "duration": 400,
          "root": false,
          "rootEmpty": false,
          "_timeout": 2000
        }
      ],
      "passes": [],
      "failures": [],
      "pending": [],
      "skipped": [],
      "duration": 0,
      "root": true,
      "rootEmpty": true,
      "_timeout": 2000
    },
    {
      "uuid": "8ee5bd9d-ecea-43a2-9ab4-7c30c670085e",
      "title": "",
      "fullFile": "cypress\\integration\\webdriver-uni\\traversing-elements.js",
      "file": "cypress\\integration\\webdriver-uni\\traversing-elements.js",
      "beforeHooks": [],
      "afterHooks": [],
      "tests": [],
      "suites": [
        {
          "uuid": "b7049c55-522c-4880-900f-03e02d75616f",
          "title": "Traversing DOM elements in Cypress",
          "fullFile": "",
          "file": "",
          "beforeHooks": [],
          "afterHooks": [],
          "tests": [
            {
              "title": "siblings() To get all sibling DOM elements of elements",
              "fullTitle": "Traversing DOM elements in Cypress siblings() To get all sibling DOM elements of elements",
              "timedOut": null,
              "duration": 1139,
              "state": "passed",
              "speed": "fast",
              "pass": true,
              "fail": false,
              "pending": false,
              "context": null,
              "code": "cy.get('.traversal-button-other-states .active').siblings().should('have.length', '3');",
              "err": {},
              "uuid": "ec20d52d-b91a-41a4-8d7d-1451d5f8f58b",
              "parentUUID": "b7049c55-522c-4880-900f-03e02d75616f",
              "isHook": false,
              "skipped": false
            }
          ],
          "suites": [],
          "passes": [
            "ec20d52d-b91a-41a4-8d7d-1451d5f8f58b"
          ],
          "failures": [],
          "pending": [],
          "skipped": [],
          "duration": 1139,
          "root": false,
          "rootEmpty": false,
          "_timeout": 2000
        }
      ],
      "passes": [],
      "failures": [],
      "pending": [],
      "skipped": [],
      "duration": 0,
      "root": true,
      "rootEmpty": true,
      "_timeout": 2000
    },
    {
      "uuid": "978adb02-e7c3-4a35-8dd1-1b4b0cfc5e7b",
      "title": "",
      "fullFile": "cypress\\integration\\automation-test-store\\add-multiple-items-to-basket.js",
      "file": "cypress\\integration\\automation-test-store\\add-multiple-items-to-basket.js",
      "beforeHooks": [],
      "afterHooks": [],
      "tests": [],
      "suites": [
        {
          "uuid": "17932abc-459b-468c-a5d5-ea7fd8a9fbfb",
          "title": "Add multiple items to basket",
          "fullFile": "",
          "file": "",
          "beforeHooks": [],
          "afterHooks": [],
          "tests": [
            {
              "title": "Add specific items to basket",
              "fullTitle": "Add multiple items to basket Add specific items to basket",
              "timedOut": null,
              "duration": 3062,
              "state": "passed",
              "speed": "fast",
              "pass": true,
              "fail": false,
              "pending": false,
              "context": null,
              "code": "autoStoreHairCarePage.addHairCareProductsToBasket();",
              "err": {},
              "uuid": "2e1b56c6-6182-405c-a8b1-4d8d0a1b55a1",
              "parentUUID": "17932abc-459b-468c-a5d5-ea7fd8a9fbfb",
              "isHook": false,
              "skipped": false
            }
          ],
          "suites": [],
          "passes": [
            "2e1b56c6-6182-405c-a8b1-4d8d0a1b55a1"
          ],
          "failures": [],
          "pending": [],
          "skipped": [],
          "duration": 3062,
          "root": false,
          "rootEmpty": false,
          "_timeout": 2000
        }
      ],
      "passes": [],
      "failures": [],
      "pending": [],
      "skipped": [],
      "duration": 0,
      "root": true,
      "rootEmpty": true,
      "_timeout": 2000
    }
  ],
  "meta": {
    "mocha": {
      "version": "7.0.1"
    },
    "mochawesome": {
      "options": {
        "quiet": false,
        "reportFilename": "mochawesome",
        "saveHtml": false,
        "saveJson": true,
        "consoleReporter": "spec",
        "useInlineDiffs": false,
        "code": true
      },
      "version": "7.1.3"
    },
    "marge": {
      "options": {
        "id": "default",
        "reportDir": "cypress/results/mochawesome",
        "quite": true,
        "overwrite": false,
        "html": false,
        "json": true
      },
      "version": "6.2.0"
    }
  }
}